2020-08-27 09:37:09.897 INFO  [http-nio-9001-exec-8]:do addViewCount.....
2020-08-27 09:37:09.958 INFO  [http-nio-9001-exec-8]:api about /getException has visited form ip :[127.0.0.1],visited exception id is [98867]
2020-08-27 09:37:09.962 INFO  [http-nio-9001-exec-8]:starting execute add Views....
2020-08-27 09:37:10.011 INFO  [http-nio-9001-exec-8]:execute add result:[true]
2020-08-27 09:59:40.174 INFO  [localhost-startStop-1]:FrameworkServlet 'dispatcherServlet': initialization started
2020-08-27 09:59:40.206 INFO  [localhost-startStop-1]:Refreshing WebApplicationContext for namespace 'dispatcherServlet-servlet': startup date [Thu Aug 27 09:59:40 CST 2020]; root of context hierarchy
2020-08-27 09:59:40.263 INFO  [localhost-startStop-1]:Registering annotated classes: [class xyz.zjhwork.springApplicationStarter.mvcConf.MvcConf]
2020-08-27 09:59:40.686 WARN  [localhost-startStop-1]:Cannot enhance @Configuration bean definition 'mvcConf' since its singleton instance has been created too early. The typical cause is a non-static @Bean method with a BeanDefinitionRegistryPostProcessor return type: Consider declaring such methods as 'static'.
2020-08-27 09:59:41.733 INFO  [localhost-startStop-1]:Mapped "{[/isAproByUsernameAndExceptionId],methods=[GET]}" onto public int xyz.zjhwork.controller.ArpoveController.isAproByUsernameAndExceptionId(java.lang.Integer,javax.servlet.http.HttpServletRequest)
2020-08-27 09:59:41.739 INFO  [localhost-startStop-1]:Mapped "{[/addAproByUsernameAndExceptionId],methods=[POST]}" onto public int xyz.zjhwork.controller.ArpoveController.addAproByUsernameAndExceptionId(java.lang.Integer,javax.servlet.http.HttpServletRequest)
2020-08-27 09:59:41.741 INFO  [localhost-startStop-1]:Mapped "{[/findApproCountByExceptionId],methods=[GET]}" onto public int xyz.zjhwork.controller.ArpoveController.findApproCountByExceptionId(java.lang.Integer)
2020-08-27 09:59:41.742 INFO  [localhost-startStop-1]:Mapped "{[/insertComment],methods=[POST]}" onto public int xyz.zjhwork.controller.CommentController.insertComment(java.lang.Integer,java.lang.String,javax.servlet.http.HttpServletRequest)
2020-08-27 09:59:41.743 INFO  [localhost-startStop-1]:Mapped "{[/findComment],methods=[GET]}" onto public java.util.List<xyz.zjhwork.entity.Comment> xyz.zjhwork.controller.CommentController.findComment(java.lang.Integer)
2020-08-27 09:59:41.751 INFO  [localhost-startStop-1]:Mapped "{[/exception/{id}],methods=[GET]}" onto public xyz.zjhwork.resmodel.ResponseModel xyz.zjhwork.controller.ExceptionController.getException(java.lang.Integer,javax.servlet.http.HttpServletRequest)
2020-08-27 09:59:41.751 INFO  [localhost-startStop-1]:Mapped "{[/search],methods=[GET]}" onto public xyz.zjhwork.resmodel.ResponseModel xyz.zjhwork.controller.ExceptionController.search(java.lang.String,java.lang.String,java.lang.Integer)
2020-08-27 09:59:41.752 INFO  [localhost-startStop-1]:Mapped "{[/newException],methods=[POST]}" onto public xyz.zjhwork.resmodel.ResponseModel xyz.zjhwork.controller.ExceptionController.newException(xyz.zjhwork.entity.Exception,javax.servlet.http.HttpServletRequest)
2020-08-27 09:59:41.752 INFO  [localhost-startStop-1]:Mapped "{[/exception/exceptionByUserAndId/{id}],methods=[GET]}" onto public xyz.zjhwork.resmodel.ResponseModel xyz.zjhwork.controller.ExceptionController.exceptionByUserAndIdGet(java.lang.Integer,javax.servlet.http.HttpServletRequest)
2020-08-27 09:59:41.752 INFO  [localhost-startStop-1]:Mapped "{[/exception/exceptionByUserAndId/{id}],methods=[PUT]}" onto public xyz.zjhwork.resmodel.ResponseModel xyz.zjhwork.controller.ExceptionController.exceptionByUserAndIdPut(java.lang.Integer,javax.servlet.http.HttpServletRequest,xyz.zjhwork.entity.Exception)
2020-08-27 09:59:41.752 INFO  [localhost-startStop-1]:Mapped "{[/searchAssociation],methods=[GET]}" onto public java.util.List<java.lang.String> xyz.zjhwork.controller.ExceptionController.searchAssociation(java.lang.String)
2020-08-27 09:59:41.753 INFO  [localhost-startStop-1]:Mapped "{[/searchCount],methods=[GET]}" onto public xyz.zjhwork.resmodel.ResponseModel xyz.zjhwork.controller.ExceptionController.searchCount(java.lang.String,java.lang.String)
2020-08-27 09:59:41.753 INFO  [localhost-startStop-1]:Mapped "{[/newListException],methods=[GET]}" onto public java.util.List<xyz.zjhwork.entity.Exception> xyz.zjhwork.controller.ExceptionController.newListException()
2020-08-27 09:59:41.754 INFO  [localhost-startStop-1]:Mapped "{[/myListException],methods=[GET]}" onto public java.util.List<xyz.zjhwork.entity.Exception> xyz.zjhwork.controller.ExceptionController.myListException(javax.servlet.http.HttpServletRequest)
2020-08-27 09:59:41.766 INFO  [localhost-startStop-1]:Mapped "{[/exception/{id}],methods=[DELETE]}" onto public xyz.zjhwork.resmodel.ResponseModel xyz.zjhwork.controller.ExceptionController.delException(java.lang.Integer,javax.servlet.http.HttpServletRequest)
2020-08-27 09:59:41.767 INFO  [localhost-startStop-1]:Mapped "{[/deleteFavFromFavByUsernameAndExceptionId],methods=[POST]}" onto public int xyz.zjhwork.controller.FavController.deleteFavFromFavByUsernameAndExceptionId(java.lang.Integer,javax.servlet.http.HttpServletRequest)
2020-08-27 09:59:41.767 INFO  [localhost-startStop-1]:Mapped "{[/isFavByUsernameAndExceptionId],methods=[GET]}" onto public int xyz.zjhwork.controller.FavController.isFavByUsernameAndExceptionId(java.lang.Integer,javax.servlet.http.HttpServletRequest)
2020-08-27 09:59:41.768 INFO  [localhost-startStop-1]:Mapped "{[/findFavByUsername],methods=[GET]}" onto public java.util.List<xyz.zjhwork.entity.Exception> xyz.zjhwork.controller.FavController.findFavByUsername(javax.servlet.http.HttpServletRequest)
2020-08-27 09:59:41.768 INFO  [localhost-startStop-1]:Mapped "{[/addFavByUsernameAndExceptionId],methods=[POST]}" onto public int xyz.zjhwork.controller.FavController.addFavByUsernameAndExceptionId(java.lang.Integer,javax.servlet.http.HttpServletRequest)
2020-08-27 09:59:41.772 INFO  [localhost-startStop-1]:Mapped "{[/findHistoryByUsername],methods=[GET]}" onto public java.util.List<xyz.zjhwork.entity.Exception> xyz.zjhwork.controller.HisController.findHistoryByUsername(javax.servlet.http.HttpServletRequest)
2020-08-27 09:59:41.773 INFO  [localhost-startStop-1]:Mapped "{[/]}" onto public java.lang.String xyz.zjhwork.controller.IndexController.index()
2020-08-27 09:59:41.773 INFO  [localhost-startStop-1]:Mapped "{[/favicon.ico]}" onto public java.lang.String xyz.zjhwork.controller.IndexController.favicon()
2020-08-27 09:59:41.783 INFO  [localhost-startStop-1]:Mapped "{[/signIn],methods=[GET]}" onto public int xyz.zjhwork.controller.UserController.register(java.lang.String,java.lang.String,java.lang.String)
2020-08-27 09:59:41.783 INFO  [localhost-startStop-1]:Mapped "{[/isRegistered],methods=[GET]}" onto public int xyz.zjhwork.controller.UserController.isRegistered(java.lang.String)
2020-08-27 09:59:41.783 INFO  [localhost-startStop-1]:Mapped "{[/userInfo],methods=[GET]}" onto public xyz.zjhwork.entity.User xyz.zjhwork.controller.UserController.userInfo(javax.servlet.http.HttpServletRequest)
2020-08-27 09:59:41.783 INFO  [localhost-startStop-1]:Mapped "{[/checkUser]}" onto public xyz.zjhwork.resmodel.ResponseModel xyz.zjhwork.controller.UserController.checkUser(java.lang.String,java.lang.String,javax.servlet.http.HttpServletRequest)
2020-08-27 09:59:41.784 INFO  [localhost-startStop-1]:Mapped "{[/userExit],methods=[POST]}" onto public xyz.zjhwork.resmodel.ResponseModel xyz.zjhwork.controller.UserController.userExit(javax.servlet.http.HttpServletRequest)
2020-08-27 09:59:41.784 INFO  [localhost-startStop-1]:Mapped "{[/userStatus],methods=[GET]}" onto public xyz.zjhwork.resmodel.ResponseModel xyz.zjhwork.controller.UserController.userStatus(javax.servlet.http.HttpServletRequest)
2020-08-27 09:59:41.784 INFO  [localhost-startStop-1]:Mapped "{[/userInfoUpdate],methods=[POST]}" onto public int xyz.zjhwork.controller.UserController.userInfoUpdate(java.lang.String,java.lang.String,java.lang.String,java.lang.String,javax.servlet.http.HttpServletRequest)
2020-08-27 09:59:41.857 INFO  [localhost-startStop-1]:Mapped URL path [/css/**] onto handler of type [class org.springframework.web.servlet.resource.ResourceHttpRequestHandler]
2020-08-27 09:59:41.857 INFO  [localhost-startStop-1]:Mapped URL path [/js/**] onto handler of type [class org.springframework.web.servlet.resource.ResourceHttpRequestHandler]
2020-08-27 09:59:41.857 INFO  [localhost-startStop-1]:Mapped URL path [/img/**] onto handler of type [class org.springframework.web.servlet.resource.ResourceHttpRequestHandler]
2020-08-27 09:59:41.858 INFO  [localhost-startStop-1]:Mapped URL path [/theme/**] onto handler of type [class org.springframework.web.servlet.resource.ResourceHttpRequestHandler]
2020-08-27 09:59:41.858 INFO  [localhost-startStop-1]:Mapped URL path [/*.html] onto handler of type [class org.springframework.web.servlet.resource.ResourceHttpRequestHandler]
2020-08-27 09:59:42.068 INFO  [localhost-startStop-1]:HV000001: Hibernate Validator 6.1.5.Final
2020-08-27 09:59:42.536 INFO  [localhost-startStop-1]:Looking for @ControllerAdvice: WebApplicationContext for namespace 'dispatcherServlet-servlet': startup date [Thu Aug 27 09:59:40 CST 2020]; root of context hierarchy
2020-08-27 09:59:42.604 INFO  [localhost-startStop-1]:Detected @ExceptionHandler methods in handleExceptionInValid
2020-08-27 09:59:42.873 INFO  [localhost-startStop-1]:FrameworkServlet 'dispatcherServlet': initialization completed in 2694 ms
2020-08-27 10:01:47.001 INFO  [http-nio-9001-exec-10]:hikariDataSource in Hikari System - Starting...
2020-08-27 10:01:48.531 INFO  [http-nio-9001-exec-10]:hikariDataSource in Hikari System - Start completed.
2020-08-27 10:03:33.206 WARN  [http-nio-9001-exec-1]:Failed to read HTTP message: org.springframework.http.converter.HttpMessageNotReadableException: JSON parse error: error parse true; nested exception is com.alibaba.fastjson.JSONException: error parse true
2020-08-27 10:05:44.169 WARN  [http-nio-9001-exec-3]:Failed to read HTTP message: org.springframework.http.converter.HttpMessageNotReadableException: JSON parse error: error parse true; nested exception is com.alibaba.fastjson.JSONException: error parse true
2020-08-27 10:06:47.630 WARN  [http-nio-9001-exec-3]:Failed to read HTTP message: org.springframework.http.converter.HttpMessageNotReadableException: JSON parse error: error parse true; nested exception is com.alibaba.fastjson.JSONException: error parse true
2020-08-27 10:07:44.751 WARN  [http-nio-9001-exec-3]:Failed to read HTTP message: org.springframework.http.converter.HttpMessageNotReadableException: JSON parse error: error parse true; nested exception is com.alibaba.fastjson.JSONException: error parse true
2020-08-27 10:10:21.612 WARN  [http-nio-9001-exec-6]:Failed to read HTTP message: org.springframework.http.converter.HttpMessageNotReadableException: JSON parse error: error parse true; nested exception is com.alibaba.fastjson.JSONException: error parse true
2020-08-27 10:10:51.984 WARN  [http-nio-9001-exec-2]:Failed to read HTTP message: org.springframework.http.converter.HttpMessageNotReadableException: JSON parse error: error parse true; nested exception is com.alibaba.fastjson.JSONException: error parse true
2020-08-27 10:13:48.834 WARN  [http-nio-9001-exec-4]:Failed to read HTTP message: org.springframework.http.converter.HttpMessageNotReadableException: JSON parse error: error parse true; nested exception is com.alibaba.fastjson.JSONException: error parse true
2020-08-27 10:25:00.322 WARN  [http-nio-9001-exec-9]:Failed to read HTTP message: org.springframework.http.converter.HttpMessageNotReadableException: JSON parse error: error parse true; nested exception is com.alibaba.fastjson.JSONException: error parse true
2020-08-27 10:25:00.344 ERROR [http-nio-9001-exec-4]:修改业务中，id不能为空
2020-08-27 10:25:10.776 ERROR [http-nio-9001-exec-7]:修改业务中，id不能为空
2020-08-27 10:25:10.777 WARN  [http-nio-9001-exec-6]:Failed to read HTTP message: org.springframework.http.converter.HttpMessageNotReadableException: JSON parse error: error parse true; nested exception is com.alibaba.fastjson.JSONException: error parse true
2020-08-27 10:25:27.103 WARN  [http-nio-9001-exec-1]:Failed to read HTTP message: org.springframework.http.converter.HttpMessageNotReadableException: JSON parse error: error parse true; nested exception is com.alibaba.fastjson.JSONException: error parse true
2020-08-27 10:25:27.104 ERROR [http-nio-9001-exec-8]:修改业务中，id不能为空
2020-08-27 10:26:13.469 ERROR [http-nio-9001-exec-3]:修改业务中，id不能为空
2020-08-27 10:26:43.742 ERROR [http-nio-9001-exec-2]:修改业务中，id不能为空
2020-08-27 10:28:33.364 ERROR [http-nio-9001-exec-5]:修改业务中，id不能为空
2020-08-27 10:28:57.335 ERROR [http-nio-9001-exec-3]:修改业务中，id不能为空
2020-08-27 10:29:02.019 ERROR [http-nio-9001-exec-3]:修改业务中，id不能为空
2020-08-27 10:29:11.801 INFO  [localhost-startStop-1]:FrameworkServlet 'dispatcherServlet': initialization started
2020-08-27 10:29:11.832 INFO  [localhost-startStop-1]:Refreshing WebApplicationContext for namespace 'dispatcherServlet-servlet': startup date [Thu Aug 27 10:29:11 CST 2020]; root of context hierarchy
2020-08-27 10:29:11.882 INFO  [localhost-startStop-1]:Registering annotated classes: [class xyz.zjhwork.springApplicationStarter.mvcConf.MvcConf]
2020-08-27 10:29:12.215 WARN  [localhost-startStop-1]:Cannot enhance @Configuration bean definition 'mvcConf' since its singleton instance has been created too early. The typical cause is a non-static @Bean method with a BeanDefinitionRegistryPostProcessor return type: Consider declaring such methods as 'static'.
2020-08-27 10:29:13.279 INFO  [localhost-startStop-1]:Mapped "{[/isAproByUsernameAndExceptionId],methods=[GET]}" onto public int xyz.zjhwork.controller.ArpoveController.isAproByUsernameAndExceptionId(java.lang.Integer,javax.servlet.http.HttpServletRequest)
2020-08-27 10:29:13.280 INFO  [localhost-startStop-1]:Mapped "{[/addAproByUsernameAndExceptionId],methods=[POST]}" onto public int xyz.zjhwork.controller.ArpoveController.addAproByUsernameAndExceptionId(java.lang.Integer,javax.servlet.http.HttpServletRequest)
2020-08-27 10:29:13.281 INFO  [localhost-startStop-1]:Mapped "{[/findApproCountByExceptionId],methods=[GET]}" onto public int xyz.zjhwork.controller.ArpoveController.findApproCountByExceptionId(java.lang.Integer)
2020-08-27 10:29:13.282 INFO  [localhost-startStop-1]:Mapped "{[/findComment],methods=[GET]}" onto public java.util.List<xyz.zjhwork.entity.Comment> xyz.zjhwork.controller.CommentController.findComment(java.lang.Integer)
2020-08-27 10:29:13.283 INFO  [localhost-startStop-1]:Mapped "{[/insertComment],methods=[POST]}" onto public int xyz.zjhwork.controller.CommentController.insertComment(java.lang.Integer,java.lang.String,javax.servlet.http.HttpServletRequest)
2020-08-27 10:29:13.288 INFO  [localhost-startStop-1]:Mapped "{[/exception/{id}],methods=[GET]}" onto public xyz.zjhwork.resmodel.ResponseModel xyz.zjhwork.controller.ExceptionController.getException(java.lang.Integer,javax.servlet.http.HttpServletRequest)
2020-08-27 10:29:13.289 INFO  [localhost-startStop-1]:Mapped "{[/search],methods=[GET]}" onto public xyz.zjhwork.resmodel.ResponseModel xyz.zjhwork.controller.ExceptionController.search(java.lang.String,java.lang.String,java.lang.Integer)
2020-08-27 10:29:13.289 INFO  [localhost-startStop-1]:Mapped "{[/newException],methods=[POST]}" onto public xyz.zjhwork.resmodel.ResponseModel xyz.zjhwork.controller.ExceptionController.newException(xyz.zjhwork.entity.Exception,javax.servlet.http.HttpServletRequest)
2020-08-27 10:29:13.289 INFO  [localhost-startStop-1]:Mapped "{[/exception/exceptionByUserAndId/{id}],methods=[GET]}" onto public xyz.zjhwork.resmodel.ResponseModel xyz.zjhwork.controller.ExceptionController.exceptionByUserAndIdGet(java.lang.Integer,javax.servlet.http.HttpServletRequest)
2020-08-27 10:29:13.289 INFO  [localhost-startStop-1]:Mapped "{[/exception/exceptionByUserAndId/{id}],methods=[PUT]}" onto public xyz.zjhwork.resmodel.ResponseModel xyz.zjhwork.controller.ExceptionController.exceptionByUserAndIdPut(java.lang.Integer,javax.servlet.http.HttpServletRequest,xyz.zjhwork.entity.Exception)
2020-08-27 10:29:13.290 INFO  [localhost-startStop-1]:Mapped "{[/searchAssociation],methods=[GET]}" onto public java.util.List<java.lang.String> xyz.zjhwork.controller.ExceptionController.searchAssociation(java.lang.String)
2020-08-27 10:29:13.290 INFO  [localhost-startStop-1]:Mapped "{[/searchCount],methods=[GET]}" onto public xyz.zjhwork.resmodel.ResponseModel xyz.zjhwork.controller.ExceptionController.searchCount(java.lang.String,java.lang.String)
2020-08-27 10:29:13.290 INFO  [localhost-startStop-1]:Mapped "{[/newListException],methods=[GET]}" onto public java.util.List<xyz.zjhwork.entity.Exception> xyz.zjhwork.controller.ExceptionController.newListException()
2020-08-27 10:29:13.290 INFO  [localhost-startStop-1]:Mapped "{[/myListException],methods=[GET]}" onto public java.util.List<xyz.zjhwork.entity.Exception> xyz.zjhwork.controller.ExceptionController.myListException(javax.servlet.http.HttpServletRequest)
2020-08-27 10:29:13.290 INFO  [localhost-startStop-1]:Mapped "{[/exception/{id}],methods=[DELETE]}" onto public xyz.zjhwork.resmodel.ResponseModel xyz.zjhwork.controller.ExceptionController.delException(java.lang.Integer,javax.servlet.http.HttpServletRequest)
2020-08-27 10:29:13.291 INFO  [localhost-startStop-1]:Mapped "{[/isFavByUsernameAndExceptionId],methods=[GET]}" onto public int xyz.zjhwork.controller.FavController.isFavByUsernameAndExceptionId(java.lang.Integer,javax.servlet.http.HttpServletRequest)
2020-08-27 10:29:13.292 INFO  [localhost-startStop-1]:Mapped "{[/findFavByUsername],methods=[GET]}" onto public java.util.List<xyz.zjhwork.entity.Exception> xyz.zjhwork.controller.FavController.findFavByUsername(javax.servlet.http.HttpServletRequest)
2020-08-27 10:29:13.292 INFO  [localhost-startStop-1]:Mapped "{[/addFavByUsernameAndExceptionId],methods=[POST]}" onto public int xyz.zjhwork.controller.FavController.addFavByUsernameAndExceptionId(java.lang.Integer,javax.servlet.http.HttpServletRequest)
2020-08-27 10:29:13.292 INFO  [localhost-startStop-1]:Mapped "{[/deleteFavFromFavByUsernameAndExceptionId],methods=[POST]}" onto public int xyz.zjhwork.controller.FavController.deleteFavFromFavByUsernameAndExceptionId(java.lang.Integer,javax.servlet.http.HttpServletRequest)
2020-08-27 10:29:13.293 INFO  [localhost-startStop-1]:Mapped "{[/findHistoryByUsername],methods=[GET]}" onto public java.util.List<xyz.zjhwork.entity.Exception> xyz.zjhwork.controller.HisController.findHistoryByUsername(javax.servlet.http.HttpServletRequest)
2020-08-27 10:29:13.293 INFO  [localhost-startStop-1]:Mapped "{[/]}" onto public java.lang.String xyz.zjhwork.controller.IndexController.index()
2020-08-27 10:29:13.293 INFO  [localhost-startStop-1]:Mapped "{[/favicon.ico]}" onto public java.lang.String xyz.zjhwork.controller.IndexController.favicon()
2020-08-27 10:29:13.316 INFO  [localhost-startStop-1]:Mapped "{[/signIn],methods=[GET]}" onto public int xyz.zjhwork.controller.UserController.register(java.lang.String,java.lang.String,java.lang.String)
2020-08-27 10:29:13.317 INFO  [localhost-startStop-1]:Mapped "{[/isRegistered],methods=[GET]}" onto public int xyz.zjhwork.controller.UserController.isRegistered(java.lang.String)
2020-08-27 10:29:13.317 INFO  [localhost-startStop-1]:Mapped "{[/userInfo],methods=[GET]}" onto public xyz.zjhwork.entity.User xyz.zjhwork.controller.UserController.userInfo(javax.servlet.http.HttpServletRequest)
2020-08-27 10:29:13.318 INFO  [localhost-startStop-1]:Mapped "{[/userExit],methods=[POST]}" onto public xyz.zjhwork.resmodel.ResponseModel xyz.zjhwork.controller.UserController.userExit(javax.servlet.http.HttpServletRequest)
2020-08-27 10:29:13.318 INFO  [localhost-startStop-1]:Mapped "{[/checkUser]}" onto public xyz.zjhwork.resmodel.ResponseModel xyz.zjhwork.controller.UserController.checkUser(java.lang.String,java.lang.String,javax.servlet.http.HttpServletRequest)
2020-08-27 10:29:13.318 INFO  [localhost-startStop-1]:Mapped "{[/userStatus],methods=[GET]}" onto public xyz.zjhwork.resmodel.ResponseModel xyz.zjhwork.controller.UserController.userStatus(javax.servlet.http.HttpServletRequest)
2020-08-27 10:29:13.319 INFO  [localhost-startStop-1]:Mapped "{[/userInfoUpdate],methods=[POST]}" onto public int xyz.zjhwork.controller.UserController.userInfoUpdate(java.lang.String,java.lang.String,java.lang.String,java.lang.String,javax.servlet.http.HttpServletRequest)
2020-08-27 10:29:13.388 INFO  [localhost-startStop-1]:Mapped URL path [/css/**] onto handler of type [class org.springframework.web.servlet.resource.ResourceHttpRequestHandler]
2020-08-27 10:29:13.388 INFO  [localhost-startStop-1]:Mapped URL path [/js/**] onto handler of type [class org.springframework.web.servlet.resource.ResourceHttpRequestHandler]
2020-08-27 10:29:13.388 INFO  [localhost-startStop-1]:Mapped URL path [/img/**] onto handler of type [class org.springframework.web.servlet.resource.ResourceHttpRequestHandler]
2020-08-27 10:29:13.388 INFO  [localhost-startStop-1]:Mapped URL path [/theme/**] onto handler of type [class org.springframework.web.servlet.resource.ResourceHttpRequestHandler]
2020-08-27 10:29:13.388 INFO  [localhost-startStop-1]:Mapped URL path [/*.html] onto handler of type [class org.springframework.web.servlet.resource.ResourceHttpRequestHandler]
2020-08-27 10:29:13.532 INFO  [localhost-startStop-1]:HV000001: Hibernate Validator 6.1.5.Final
2020-08-27 10:29:13.789 INFO  [localhost-startStop-1]:Looking for @ControllerAdvice: WebApplicationContext for namespace 'dispatcherServlet-servlet': startup date [Thu Aug 27 10:29:11 CST 2020]; root of context hierarchy
2020-08-27 10:29:13.841 INFO  [localhost-startStop-1]:Detected @ExceptionHandler methods in handleExceptionInValid
2020-08-27 10:29:14.019 INFO  [localhost-startStop-1]:FrameworkServlet 'dispatcherServlet': initialization completed in 2215 ms
2020-08-27 10:29:25.824 INFO  [http-nio-9001-exec-3]:hikariDataSource in Hikari System - Starting...
2020-08-27 10:29:27.403 INFO  [http-nio-9001-exec-3]:hikariDataSource in Hikari System - Start completed.
2020-08-27 10:30:39.536 INFO  [http-nio-9001-exec-8]:do addViewCount.....
2020-08-27 10:30:39.540 INFO  [http-nio-9001-exec-8]:api about /getException has visited form ip :[127.0.0.1],visited exception id is [98871]
2020-08-27 10:30:39.544 INFO  [http-nio-9001-exec-8]:starting execute add Views....
2020-08-27 10:30:39.600 INFO  [http-nio-9001-exec-8]:execute add result:[true]
2020-08-27 10:40:59.679 INFO  [http-nio-9001-exec-5]:do addViewCount.....
2020-08-27 10:40:59.689 INFO  [http-nio-9001-exec-5]:api about /getException has visited form ip :[127.0.0.1],visited exception id is [98812]
2020-08-27 10:40:59.691 INFO  [http-nio-9001-exec-5]:starting execute add Views....
2020-08-27 10:40:59.804 INFO  [http-nio-9001-exec-5]:execute add result:[true]
